# JRE version: OpenJDK Runtime Environment (11.0.12+7) (build 11.0.12+7-b1504.28-7817840)
# Java VM: OpenJDK 64-Bit Server VM (11.0.12+7-b1504.28-7817840, mixed mode, tiered, compressed oops, g1 gc, windows-amd64)
Heap:
 garbage-first heap   total 157696K, used 114447K [0x0000000080000000, 0x0000000100000000)
  region size 1024K, 10 young (10240K), 3 survivors (3072K)
 Metaspace       used 95758K, capacity 98224K, committed 98508K, reserved 1134592K
  class space    used 12474K, capacity 13397K, committed 13516K, reserved 1048576K
GC Heap History (20 events):
Event: 24.115 GC heap before
{Heap before GC invocations=33 (full 0):
 garbage-first heap   total 131072K, used 112452K [0x0000000080000000, 0x0000000100000000)
  region size 1024K, 12 young (12288K), 2 survivors (2048K)
 Metaspace       used 84610K, capacity 86877K, committed 87244K, reserved 1124352K
  class space    used 10997K, capacity 11844K, committed 11980K, reserved 1048576K
}
Event: 24.118 GC heap after
{Heap after GC invocations=34 (full 0):
 garbage-first heap   total 131072K, used 101744K [0x0000000080000000, 0x0000000100000000)
  region size 1024K, 1 young (1024K), 1 survivors (1024K)
 Metaspace       used 84610K, capacity 86877K, committed 87244K, reserved 1124352K
  class space    used 10997K, capacity 11844K, committed 11980K, reserved 1048576K
}
Event: 24.443 GC heap before
{Heap before GC invocations=34 (full 0):
 garbage-first heap   total 131072K, used 113008K [0x0000000080000000, 0x0000000100000000)
  region size 1024K, 13 young (13312K), 1 survivors (1024K)
 Metaspace       used 86192K, capacity 88393K, committed 88652K, reserved 1126400K
  class space    used 11233K, capacity 12071K, committed 12108K, reserved 1048576K
}
Event: 24.446 GC heap after
{Heap after GC invocations=35 (full 0):
 garbage-first heap   total 131072K, used 102109K [0x0000000080000000, 0x0000000100000000)
  region size 1024K, 1 young (1024K), 1 survivors (1024K)
 Metaspace       used 86192K, capacity 88393K, committed 88652K, reserved 1126400K
  class space    used 11233K, capacity 12071K, committed 12108K, reserved 1048576K
}
Event: 24.783 GC heap before
{Heap before GC invocations=36 (full 0):
 garbage-first heap   total 131072K, used 114397K [0x0000000080000000, 0x0000000100000000)
  region size 1024K, 13 young (13312K), 1 survivors (1024K)
 Metaspace       used 87515K, capacity 89742K, committed 89932K, reserved 1126400K
  class space    used 11457K, capacity 12278K, committed 12364K, reserved 1048576K
}
Event: 24.786 GC heap after
{Heap after GC invocations=37 (full 0):
 garbage-first heap   total 131072K, used 102817K [0x0000000080000000, 0x0000000100000000)
  region size 1024K, 2 young (2048K), 2 survivors (2048K)
 Metaspace       used 87515K, capacity 89742K, committed 89932K, reserved 1126400K
  class space    used 11457K, capacity 12278K, committed 12364K, reserved 1048576K
}
Event: 25.206 GC heap before
{Heap before GC invocations=37 (full 0):
 garbage-first heap   total 131072K, used 114081K [0x0000000080000000, 0x0000000100000000)
  region size 1024K, 13 young (13312K), 2 survivors (2048K)
 Metaspace       used 89628K, capacity 91857K, committed 91980K, reserved 1128448K
  class space    used 11696K, capacity 12511K, committed 12620K, reserved 1048576K
}
Event: 25.211 GC heap after
{Heap after GC invocations=38 (full 0):
 garbage-first heap   total 131072K, used 103656K [0x0000000080000000, 0x0000000100000000)
  region size 1024K, 2 young (2048K), 2 survivors (2048K)
 Metaspace       used 89628K, capacity 91857K, committed 91980K, reserved 1128448K
  class space    used 11696K, capacity 12511K, committed 12620K, reserved 1048576K
}
Event: 25.488 GC heap before
{Heap before GC invocations=39 (full 0):
 garbage-first heap   total 131072K, used 112872K [0x0000000080000000, 0x0000000100000000)
  region size 1024K, 12 young (12288K), 2 survivors (2048K)
 Metaspace       used 90570K, capacity 92824K, committed 93132K, reserved 1130496K
  class space    used 11831K, capacity 12660K, committed 12748K, reserved 1048576K
}
Event: 25.493 GC heap after
{Heap after GC invocations=40 (full 0):
 garbage-first heap   total 131072K, used 104196K [0x0000000080000000, 0x0000000100000000)
  region size 1024K, 2 young (2048K), 2 survivors (2048K)
 Metaspace       used 90570K, capacity 92824K, committed 93132K, reserved 1130496K
  class space    used 11831K, capacity 12660K, committed 12748K, reserved 1048576K
}
Event: 25.753 GC heap before
{Heap before GC invocations=40 (full 0):
 garbage-first heap   total 131072K, used 113412K [0x0000000080000000, 0x0000000100000000)
  region size 1024K, 11 young (11264K), 2 survivors (2048K)
 Metaspace       used 91243K, capacity 93657K, committed 93772K, reserved 1130496K
  class space    used 11928K, capacity 12784K, committed 12876K, reserved 1048576K
}
Event: 25.757 GC heap after
{Heap after GC invocations=41 (full 0):
 garbage-first heap   total 131072K, used 104835K [0x0000000080000000, 0x0000000100000000)
  region size 1024K, 2 young (2048K), 2 survivors (2048K)
 Metaspace       used 91243K, capacity 93657K, committed 93772K, reserved 1130496K
  class space    used 11928K, capacity 12784K, committed 12876K, reserved 1048576K
}
Event: 26.084 GC heap before
{Heap before GC invocations=42 (full 0):
 garbage-first heap   total 131072K, used 114051K [0x0000000080000000, 0x0000000100000000)
  region size 1024K, 11 young (11264K), 2 survivors (2048K)
 Metaspace       used 91939K, capacity 94339K, committed 94540K, reserved 1130496K
  class space    used 12014K, capacity 12858K, committed 12876K, reserved 1048576K
}
Event: 26.089 GC heap after
{Heap after GC invocations=43 (full 0):
 garbage-first heap   total 131072K, used 105535K [0x0000000080000000, 0x0000000100000000)
  region size 1024K, 2 young (2048K), 2 survivors (2048K)
 Metaspace       used 91939K, capacity 94339K, committed 94540K, reserved 1130496K
  class space    used 12014K, capacity 12858K, committed 12876K, reserved 1048576K
}
Event: 26.556 GC heap before
{Heap before GC invocations=43 (full 0):
 garbage-first heap   total 131072K, used 114751K [0x0000000080000000, 0x0000000100000000)
  region size 1024K, 11 young (11264K), 2 survivors (2048K)
 Metaspace       used 93015K, capacity 95409K, committed 95564K, reserved 1132544K
  class space    used 12196K, capacity 13025K, committed 13132K, reserved 1048576K
}
Event: 26.560 GC heap after
{Heap after GC invocations=44 (full 0):
 garbage-first heap   total 157696K, used 105949K [0x0000000080000000, 0x0000000100000000)
  region size 1024K, 2 young (2048K), 2 survivors (2048K)
 Metaspace       used 93015K, capacity 95409K, committed 95564K, reserved 1132544K
  class space    used 12196K, capacity 13025K, committed 13132K, reserved 1048576K
}
Event: 27.249 GC heap before
{Heap before GC invocations=45 (full 0):
 garbage-first heap   total 157696K, used 125405K [0x0000000080000000, 0x0000000100000000)
  region size 1024K, 22 young (22528K), 2 survivors (2048K)
 Metaspace       used 95036K, capacity 97424K, committed 97612K, reserved 1134592K
  class space    used 12379K, capacity 13262K, committed 13388K, reserved 1048576K
}
Event: 27.254 GC heap after
{Heap after GC invocations=46 (full 0):
 garbage-first heap   total 157696K, used 107443K [0x0000000080000000, 0x0000000100000000)
  region size 1024K, 3 young (3072K), 3 survivors (3072K)
 Metaspace       used 95036K, capacity 97424K, committed 97612K, reserved 1134592K
  class space    used 12379K, capacity 13262K, committed 13388K, reserved 1048576K
}
Event: 28.751 GC heap before
{Heap before GC invocations=46 (full 0):
 garbage-first heap   total 157696K, used 127923K [0x0000000080000000, 0x0000000100000000)
  region size 1024K, 24 young (24576K), 3 survivors (3072K)
 Metaspace       used 95706K, capacity 98158K, committed 98508K, reserved 1134592K
  class space    used 12474K, capacity 13397K, committed 13516K, reserved 1048576K
}
Event: 28.764 GC heap after
{Heap after GC invocations=47 (full 0):
 garbage-first heap   total 157696K, used 108303K [0x0000000080000000, 0x0000000100000000)
  region size 1024K, 3 young (3072K), 3 survivors (3072K)
 Metaspace       used 95706K, capacity 98158K, committed 98508K, reserved 1134592K
  class space    used 12474K, capacity 13397K, committed 13516K, reserved 1048576K
}

